Namespace(path_dir='/data2/xzwnlp/SaeEdit/ManipulateSAE/data/safety/toxic_DINM_train', sae_path='/data2/xzwnlp/gemma-scope-9b-pt-res/layer_24/width_16k/average_l0_114', data_name='num2', model_name='gemma-2-9b', mode='safety', select_type='act_and_fre_trim', layers=[24], hook_module='resid_post', trim=[0.35])
##########layer[24]###########
##########layer24###########
no1-torch.norm(caa_vector): 65.52981567382812
type(sae_path)
<class 'str'>

/data2/xzwnlp/gemma-scope-9b-pt-res/layer_24/width_16k/average_l0_114
act_data.norm：52.00599670410156
Negative data:70.31358337402344 

top 10:tensor([2., 2., 2., 2., 2., 2., 2., 2., 2., 2.], device='cuda:0')
Positive data:93.17725372314453 

top 10:torch.sort(pos_data, descending=True)[0][:10]
Activation data:52.00599670410156 

top 10:tensor([19.9546, 15.8312, 12.7152, 11.4750,  8.5438,  8.1338,  6.9735,  6.7687,
         6.0182,  5.5393], device='cuda:0')
mask: tensor(4091, device='cuda:0')
频率阈值: 0.0
prune_mask: tensor(16384, device='cuda:0')
######### act and fre ########
阈值: 0.0
act_top_mask: tensor(16384, device='cuda:0')
combined_mask: tensor(16384, device='cuda:0')
tensor(1392.3230, device='cuda:0')
result_combined.shape torch.Size([3584])
result_combined: tensor([ 0.4148,  0.2930,  0.5900,  ...,  0.4621,  0.8823, -1.7539],
       grad_fn=<SqueezeBackward4>)
torch.norm(result_combined) tensor(79.5813, grad_fn=<LinalgVectorNormBackward0>)
########### only act ########
阈值: 0.0
act_top_mask: tensor(16384, device='cuda:0')
result_act.shape: torch.Size([3584])
result_act: tensor([ 0.4148,  0.2930,  0.5900,  ...,  0.4621,  0.8823, -1.7539],
       grad_fn=<SqueezeBackward4>)
torch.norm(result_act): tensor(79.5813, grad_fn=<LinalgVectorNormBackward0>)
########### only fre ########
result_fre.shape: torch.Size([3584])
result_fre: tensor([ 0.4148,  0.2930,  0.5900,  ...,  0.4621,  0.8823, -1.7539],
       grad_fn=<SqueezeBackward4>)
torch.norm(result_fre): tensor(79.5813, grad_fn=<LinalgVectorNormBackward0>)
