Namespace(path_dir='/data2/xzwnlp/SaeEdit/ManipulateSAE/data/safety', sae_path='/data2/xzwnlp/gemma-scope-9b-pt-res/layer_26/width_16k/average_l0_116', data_name='toxic_DINM', model_name='gemma-2-9b', mode='safety', select_type='act_and_fre_trim', layers=[26], hook_module='resid_post', trim=[0.65])
##########layer[26]###########
##########layer26###########
no1-torch.norm(caa_vector): 77.35136413574219
type(sae_path)
<class 'str'>

/data2/xzwnlp/gemma-scope-9b-pt-res/layer_26/width_16k/average_l0_116
act_data.norm：41.5208854675293
Negative data:147897.28125 

top 10:tensor([4050., 4050., 4050., 4050., 4049., 4049., 4049., 4049., 4049., 4049.],
       device='cuda:0')
Positive data:155288.59375 

top 10:torch.sort(pos_data, descending=True)[0][:10]
Activation data:41.5208854675293 

top 10:tensor([16.1910,  8.1207,  7.8204,  7.0348,  6.4624,  6.0185,  5.9149,  5.7151,
         5.4986,  5.2637], device='cuda:0')
mask: tensor(14563, device='cuda:0')
频率阈值: 0.01482879463583231
prune_mask: tensor(10658, device='cuda:0')
######### act and fre ########
阈值: 0.003483870532363653
act_top_mask: tensor(10650, device='cuda:0')
combined_mask: tensor(9614, device='cuda:0')
tensor(1009.9857, device='cuda:0')
result_combined.shape torch.Size([3584])
result_combined: tensor([ 0.7943,  0.5306, -0.9445,  ...,  0.4247,  0.9899, -0.8776],
       grad_fn=<SqueezeBackward4>)
torch.norm(result_combined) tensor(53.9176, grad_fn=<LinalgVectorNormBackward0>)
########### only act ########
阈值: 0.003483870532363653
act_top_mask: tensor(10650, device='cuda:0')
result_act.shape: torch.Size([3584])
result_act: tensor([ 0.8446,  0.4931, -0.9506,  ...,  0.4940,  0.9645, -1.1878],
       grad_fn=<SqueezeBackward4>)
########### only fre ########
result_fre.shape: torch.Size([3584])
result_fre: tensor([ 0.7937,  0.5303, -0.9449,  ...,  0.4249,  0.9921, -0.8770],
       grad_fn=<SqueezeBackward4>)
