Namespace(path_dir='/data2/xzwnlp/SaeEdit/ManipulateSAE/data/safety', sae_path='/data2/xzwnlp/gemma-scope-9b-pt-res/layer_20/width_16k/average_l0_68', data_name='toxic_DINM', model_name='gemma-2-9b', mode='safety', select_type='act_and_fre_trim', layers=[20], hook_module='resid_post', trim=[0.65])
##########layer[20]###########
##########layer20###########
no1-torch.norm(caa_vector): 53.9066162109375
type(sae_path)
<class 'str'>

/data2/xzwnlp/gemma-scope-9b-pt-res/layer_20/width_16k/average_l0_68
act_data.norm：27.67820930480957
Negative data:111886.9140625 

top 10:tensor([4050., 4050., 4048., 4047., 4046., 4041., 4041., 4037., 4036., 4035.],
       device='cuda:0')
Positive data:115956.8203125 

top 10:torch.sort(pos_data, descending=True)[0][:10]
Activation data:27.67820930480957 

top 10:tensor([10.2754,  8.0289,  5.9604,  5.6309,  4.8199,  4.5020,  4.0191,  3.9938,
         3.4772,  3.4455], device='cuda:0')
mask: tensor(14326, device='cuda:0')
频率阈值: 0.006634345278143883
prune_mask: tensor(10688, device='cuda:0')
######### act and fre ########
阈值: 0.0012252462329342961
act_top_mask: tensor(10650, device='cuda:0')
combined_mask: tensor(9839, device='cuda:0')
tensor(569.7957, device='cuda:0')
result_combined.shape torch.Size([3584])
result_combined: tensor([ 0.5196, -0.0546, -0.0205,  ...,  0.0185,  0.9313, -0.6159],
       grad_fn=<SqueezeBackward4>)
torch.norm(result_combined) tensor(37.2017, grad_fn=<LinalgVectorNormBackward0>)
########### only act ########
阈值: 0.0012252462329342961
act_top_mask: tensor(10650, device='cuda:0')
result_act.shape: torch.Size([3584])
result_act: tensor([ 0.5997, -0.0736,  0.0905,  ..., -0.0470,  0.8392, -0.6209],
       grad_fn=<SqueezeBackward4>)
########### only fre ########
result_fre.shape: torch.Size([3584])
result_fre: tensor([ 0.5198, -0.0545, -0.0209,  ...,  0.0188,  0.9319, -0.6163],
       grad_fn=<SqueezeBackward4>)
