Namespace(path_dir='/data2/xzwnlp/SaeEdit/ManipulateSAE/data/safety', sae_path='/data2/xzwnlp/gemma-scope-9b-pt-res/layer_23/width_16k/average_l0_120', data_name='toxic_DINM', model_name='gemma-2-9b', mode='safety', select_type='act_and_fre_trim', layers=[23], hook_module='resid_post', trim=[0.65])
##########layer[23]###########
##########layer23###########
no1-torch.norm(caa_vector): 62.57244110107422
type(sae_path)
<class 'str'>

/data2/xzwnlp/gemma-scope-9b-pt-res/layer_23/width_16k/average_l0_120
act_data.norm：36.883296966552734
Negative data:153347.3125 

top 10:tensor([4050., 4050., 4050., 4050., 4048., 4047., 4047., 4047., 4046., 4045.],
       device='cuda:0')
Positive data:155324.53125 

top 10:torch.sort(pos_data, descending=True)[0][:10]
Activation data:36.883296966552734 

top 10:tensor([17.3598,  7.4161,  6.9475,  6.1892,  6.0585,  5.4424,  5.1424,  4.8037,
         4.4083,  4.3837], device='cuda:0')
mask: tensor(14519, device='cuda:0')
频率阈值: 0.015392642468214035
prune_mask: tensor(10662, device='cuda:0')
######### act and fre ########
阈值: 0.002704435959458351
act_top_mask: tensor(10650, device='cuda:0')
combined_mask: tensor(9643, device='cuda:0')
tensor(808.1094, device='cuda:0')
result_combined.shape torch.Size([3584])
result_combined: tensor([ 0.5108,  0.7878, -0.1600,  ...,  0.6508,  0.6228, -0.5765],
       grad_fn=<SqueezeBackward4>)
torch.norm(result_combined) tensor(44.8430, grad_fn=<LinalgVectorNormBackward0>)
########### only act ########
阈值: 0.002704435959458351
act_top_mask: tensor(10650, device='cuda:0')
result_act.shape: torch.Size([3584])
result_act: tensor([ 0.8852,  0.2879, -0.5178,  ...,  0.7749,  0.5244, -1.1236],
       grad_fn=<SqueezeBackward4>)
########### only fre ########
result_fre.shape: torch.Size([3584])
result_fre: tensor([ 0.5113,  0.7881, -0.1614,  ...,  0.6509,  0.6217, -0.5777],
       grad_fn=<SqueezeBackward4>)
