WARNING:root:You tried to specify center_unembed=True for a model using logit softcap, but this can't be done! Softcapping is not invariant upon adding a constantSetting center_unembed=False instead.
Namespace(batch_size=1, select_type='act_toxic_freq', output_file='/data2/xzwnlp/SaeEdit/ManipulateSAE/data/safety/toxic_DINM_train/num2/sae_caa_vector/gemma-2-9b/act_toxic_freq/feature_act_toxic_freq_gemma-2-9b_layer24_16k_resid_post.json', data_file='/data2/xzwnlp/SaeEdit/ManipulateSAE/data/safety/toxic_DINM_train/num2/train.csv', data_name='num2', model_name_or_path='/data2/xzwnlp/model/gemma-2-9b', sae_path='/data2/xzwnlp/gemma-scope-9b-pt-res/layer_24/width_16k/average_l0_114', mode='safety', model_name='gemma-2-9b', system_prompt='', input_format_way='custom', steering_vector_name='gemma-2-9b_sae_layer24_resid_post_16k_steering_vector.pt', AB=False)
Loading checkpoint shards:   0%|          | 0/8 [00:00<?, ?it/s]Loading checkpoint shards:  12%|█▎        | 1/8 [00:00<00:05,  1.27it/s]Loading checkpoint shards:  25%|██▌       | 2/8 [00:01<00:04,  1.34it/s]Loading checkpoint shards:  38%|███▊      | 3/8 [00:02<00:03,  1.38it/s]Loading checkpoint shards:  50%|█████     | 4/8 [00:02<00:02,  1.40it/s]Loading checkpoint shards:  62%|██████▎   | 5/8 [00:03<00:02,  1.46it/s]Loading checkpoint shards:  75%|███████▌  | 6/8 [00:04<00:01,  1.42it/s]Loading checkpoint shards:  88%|████████▊ | 7/8 [00:04<00:00,  1.47it/s]Loading checkpoint shards: 100%|██████████| 8/8 [00:05<00:00,  1.71it/s]Loading checkpoint shards: 100%|██████████| 8/8 [00:05<00:00,  1.51it/s]
WARNING:root:With reduced precision, it is advised to use `from_pretrained_no_processing` instead of `from_pretrained`.
WARNING:root:You are not using LayerNorm, so the writing weights can't be centered! Skipping
Loaded pretrained model /data2/xzwnlp/model/gemma-2-9b into HookedTransformer
#########mode:safety#############
Map:   0%|          | 0/2 [00:00<?, ? examples/s]Map: 100%|██████████| 2/2 [00:00<00:00, 235.01 examples/s]
Computing the activation selection for activation_selection_contrastive_for_toxic_freq
act for safety:   0%|          | 0/2 [00:00<?, ?it/s]act for safety:  50%|█████     | 1/2 [00:01<00:01,  1.34s/it]act for safety: 100%|██████████| 2/2 [00:01<00:00,  1.36it/s]act for safety: 100%|██████████| 2/2 [00:01<00:00,  1.21it/s]
torch.Size([16384])
tensor([0., 1., 0.,  ..., 0., 0., 0.], device='cuda:0')
torch.Size([16384])
tensor([0., 0., 0.,  ..., 1., 0., 0.], device='cuda:0')
torch.Size([16384])
tensor([0.0000, 0.1195, 0.0000,  ..., 0.0000, 0.0000, 0.0000], device='cuda:0')
torch.Size([16384])
tensor([0.0000, 0.0000, 0.0000,  ..., 0.0893, 0.0000, 0.0000], device='cuda:0')
steering_vector.shape: torch.Size([3584])
steering_vector: tensor([ 0.4148,  0.2930,  0.5900,  ...,  0.4621,  0.8823, -1.7539],
       device='cuda:0', grad_fn=<SqueezeBackward4>)
steering_vector.norm: tensor(79.5813, device='cuda:0', grad_fn=<LinalgVectorNormBackward0>)
feature_attr.shape: torch.Size([16384])
pos_feature_freq.shape: torch.Size([16384])
neg_feature_freq.shape: torch.Size([16384])
pos_act_mean.shape: torch.Size([16384])
neg_act_mean.shape: torch.Size([16384])
